<?xml version="1.0" encoding="UTF-8"?>
<!-- Generated by org.testng.reporters.JUnitXMLReporter -->
<testsuite ignored="0" hostname="DESKTOP-HR38GSO" failures="1" tests="1" name="Scenarios" time="0.613" errors="0" timestamp="2022-08-10T15:45:39 IST">
  <testcase classname="com.sgtesting.actitime.testsuit.DriverScript" name="feature" time="0.012">
    <failure type="cucumber.runtime.CucumberException" message="Error parsing feature file LoginLogout.feature">
      <![CDATA[cucumber.runtime.CucumberException: Error parsing feature file LoginLogout.feature
at cucumber.runtime.FeatureBuilder.parse(FeatureBuilder.java:133)
at cucumber.runtime.model.CucumberFeature.loadFromFeaturePath(CucumberFeature.java:104)
at cucumber.runtime.model.CucumberFeature.load(CucumberFeature.java:54)
at cucumber.runtime.model.CucumberFeature.load(CucumberFeature.java:34)
at cucumber.runtime.RuntimeOptions.cucumberFeatures(RuntimeOptions.java:239)
at cucumber.api.testng.TestNGCucumberRunner.getFeatures(TestNGCucumberRunner.java:85)
at cucumber.api.testng.TestNGCucumberRunner.provideFeatures(TestNGCucumberRunner.java:94)
at com.sgtesting.actitime.testsuit.DriverScript.features(DriverScript.java:37)
at java.base/java.util.ArrayList.forEach(ArrayList.java:1511)
Caused by: gherkin.lexer.LexingError: Lexing error on line 8: 'Scenario 1: login with valid credentials
Given I launch the chrome browser
And I navigate the application url
When I enter the username in username text field
And I enter the password in password text field
And I click on login button
Then I found a home page
And I click on minimize flyout window


 
Scenario logout functionality
Then I found the home page
When I click on logout link
Then I find the login page 
%_FEATURE_END_%'. See http://wiki.github.com/cucumber/gherkin/lexingerror for more information.
at gherkin.lexer.En.scan(En.java:872)
at gherkin.lexer.I18nLexer.scan(I18nLexer.java:36)
at gherkin.parser.Parser.parse(Parser.java:62)
at cucumber.runtime.FeatureBuilder.parse(FeatureBuilder.java:131)
... 39 more
... Removed 31 stack frames]]>
    </failure>
  </testcase> <!-- feature -->
</testsuite> <!-- Scenarios -->
